Processing .\net.slions.fulguris.full.fdroid_230.apk -> .\out\net.slions.fulguris.full.fdroid_230-426-lspatched.apk
apk path: .\net.slions.fulguris.full.fdroid_230.apk
Parsing original apk...
Register apk signer with default keystore...
original appComponentFactory class: androidx.core.app.CoreComponentFactory
original minSdkVersion: 21
Patching apk...
Adding config...
Adding metaloader dex...
Adding loader dex...
Adding native lib...
added assets/lspatch/so/x86_64/liblspatch.so
added assets/lspatch/so/x86/liblspatch.so
added assets/lspatch/so/armeabi-v7a/liblspatch.so
added assets/lspatch/so/arm64-v8a/liblspatch.so
Embedding modules...
  - org.matrix.chromext
Creating nested apk link...
Writing apk...
Done. Output APK: .\out\net.slions.fulguris.full.fdroid_230-426-lspatched.apk
